2020-09-01 16:38:56+0200: GTP Engine starting...
2020-09-01 16:38:56+0200: KataGo v1.6.1
2020-09-01 16:38:56+0200: Using TrompTaylor rules initially, unless GTP/GUI overrides this
2020-09-01 16:38:56+0200: Using 6 CPU thread(s) for search
2020-09-01 16:38:56+0200: nnRandSeed0 = 11220149703821845698
2020-09-01 16:38:56+0200: After dedups: nnModelFile0 = /home/arttaaz/Documents/rust/Ainalyzer/KataGo/default_model.bin.gz useFP16 auto useNHWC auto
2020-09-01 16:38:58+0200: Found OpenCL Platform 0: NVIDIA CUDA (NVIDIA Corporation) (OpenCL 1.2 CUDA 11.0.228)
2020-09-01 16:38:58+0200: Found 1 device(s) on platform 0 with type CPU or GPU or Accelerator
2020-09-01 16:38:58+0200: Found OpenCL Device 0: GeForce GTX 960 (NVIDIA Corporation) (score 11000102)
2020-09-01 16:38:58+0200: Creating context for OpenCL Platform: NVIDIA CUDA (NVIDIA Corporation) (OpenCL 1.2 CUDA 11.0.228)
2020-09-01 16:38:58+0200: Using OpenCL Device 0: GeForce GTX 960 (NVIDIA Corporation) OpenCL 1.2 CUDA (Extensions: cl_khr_global_int32_base_atomics cl_khr_global_int32_extended_atomics cl_khr_local_int32_base_atomics cl_khr_local_int32_extended_atomics cl_khr_fp64 cl_khr_byte_addressable_store cl_khr_icd cl_khr_gl_sharing cl_nv_compiler_options cl_nv_device_attribute_query cl_nv_pragma_unroll cl_nv_copy_opts cl_nv_create_buffer cl_khr_int64_base_atomics cl_khr_int64_extended_atomics)
2020-09-01 16:38:58+0200: Loaded tuning parameters from: /home/arttaaz/.katago/opencltuning/tune8_gpuGeForceGTX960_x19_y19_c320_mv8.txt
2020-09-01 16:38:58+0200: OpenCL backend thread 0: Model version 8
2020-09-01 16:38:58+0200: OpenCL backend thread 0: Model name: g170-b30c320x2-s4824661760-d1229536699
2020-09-01 16:38:59+0200: OpenCL backend thread 0: FP16Storage false FP16Compute false FP16TensorCores false
2020-09-01 16:38:59+0200: Loaded neural net with nnXLen 19 nnYLen 19
2020-09-01 16:38:59+0200: Loaded config /home/arttaaz/Documents/rust/Ainalyzer/KataGo/default_gtp.cfg
2020-09-01 16:38:59+0200: Loaded model /home/arttaaz/Documents/rust/Ainalyzer/KataGo/default_model.bin.gz
2020-09-01 16:38:59+0200: Model name: g170-b30c320x2-s4824661760-d1229536699
2020-09-01 16:38:59+0200: GTP ready, beginning main protocol loop
2020-09-01 16:38:59+0200: All cleaned up, quitting
